2025-10-23 18:38:20,895 - ERROR - Usuario Carlos ha fallado al intentar entrar (pass usado: peneni38). 2025/10/23 18:38:20
2025-10-23 18:38:26,042 - INFO - Usuario a salido.
2025-10-23 18:40:52,099 - INFO - Guardados 1 usuarios.
2025-10-23 18:40:52,099 - INFO - Usuario registrado: Peneni (role=user)
2025-10-23 18:40:52,099 - INFO - Usuario registrado: Peneni (role=user)
2025-10-23 18:40:52,099 - INFO - Nuevo usuario creado: Peneni/Peneni38
2025-10-23 18:47:07,288 - ERROR - Usuario Peneni ha fallado al intentar entrar (pass usado: Peneni38).
2025-10-23 18:48:53,078 - INFO - Guardados 1 usuarios.
2025-10-23 18:48:53,079 - INFO - Usuario registrado: Peneni (role=user)
2025-10-23 18:48:53,079 - INFO - Usuario registrado: Peneni (role=user)
2025-10-23 18:48:53,079 - INFO - Nuevo usuario creado: Peneni/Pepis38
2025-10-23 19:02:09,683 - INFO - Usuario autenticado: Peneni
2025-10-23 19:02:09,683 - INFO - Usuario autenticado: Peneni
2025-10-23 19:05:12,163 - INFO - Usuario autenticado: Peneni
2025-10-23 19:05:12,163 - INFO - Usuario autenticado: Peneni
2025-10-23 19:05:12,163 - INFO - 5 fichas cargadaa correctamente desde e:\06.AREA_PROGRAMACION\01.proyectoFichas\gestion_fichas\..\data\fichas.json.
2025-10-23 19:05:28,811 - INFO - Se encontraron 3 fichas que copinciden con la búsqueda realizada.
2025-10-23 19:06:15,138 - INFO - Ciudad modificada para idx = 4.
2025-10-23 19:06:15,138 - INFO - Ciudad modificada para idx = 4.
2025-10-23 19:06:20,219 - INFO - Se guardaron 5 fichas en el archivo.
2025-10-23 19:06:20,219 - INFO - Ficha idx = 4 guardada (modificada).
2025-10-23 19:06:20,219 - INFO - Ficha idx = 4 guardada (modificada).
2025-10-23 19:06:31,562 - INFO - Se encontraron 1 fichas que copinciden con la búsqueda realizada.
2025-10-23 20:27:52,195 - INFO - Intento de login fallido para el usuario: Peneni.
2025-10-23 20:28:05,287 - INFO - Intento de login fallido para el usuario: Peneni.
2025-10-23 20:29:40,509 - INFO - Guardados 2 usuarios.
2025-10-23 20:29:40,509 - INFO - Usuario registrado: Carlos (role=user)
2025-10-23 20:29:40,509 - INFO - Usuario registrado: Carlos (role=user)
2025-10-23 20:29:40,509 - INFO - Usuario registrado: Carlos.
2025-10-23 20:29:54,461 - INFO - Usuario autenticado: Carlos
2025-10-23 20:29:54,461 - INFO - Usuario autenticado: Carlos
2025-10-23 20:31:33,648 - INFO - Usuario autenticado: Carlos
2025-10-23 20:31:33,648 - INFO - Usuario autenticado: Carlos
2025-10-23 20:33:15,546 - INFO - Usuario autenticado: Carlos
2025-10-23 20:33:15,546 - INFO - Usuario autenticado: Carlos
2025-10-23 20:36:45,871 - INFO - Usuario autenticado: Carlos
2025-10-23 20:36:45,871 - INFO - Usuario autenticado: Carlos
2025-10-24 08:41:01,676 - INFO - Usuario autenticado: Carlos
2025-10-24 08:41:01,676 - INFO - Usuario autenticado: Carlos
2025-10-24 08:41:01,709 - INFO - Sesión iniciada para el usuario: Carlos.
2025-10-24 08:41:01,726 - INFO - 5 fichas cargadaa correctamente desde e:\06.AREA_PROGRAMACION\01.proyectoFichas\gestion_fichas\..\data\fichas.json.
2025-10-24 08:41:40,247 - INFO - Sesión cerrada para el usuario: Carlos
2025-10-24 08:41:40,248 - WARNING - Intento de cierre de sesión sin sesión activa.
2025-10-24 08:41:40,248 - INFO - Sesión finalizada para el usuario: Carlos.
2025-10-24 08:42:35,611 - INFO - Usuario autenticado: Carlos
2025-10-24 08:42:35,611 - INFO - Usuario autenticado: Carlos
2025-10-24 08:42:36,026 - INFO - Sesión iniciada para el usuario: Carlos.
2025-10-24 08:42:36,028 - INFO - 5 fichas cargadaa correctamente desde e:\06.AREA_PROGRAMACION\01.proyectoFichas\gestion_fichas\..\data\fichas.json.
2025-10-24 08:42:45,258 - INFO - Fichas mostradas correctamente.
2025-10-24 08:43:28,306 - INFO - Se guardaron 4 fichas en el archivo.
2025-10-24 08:43:28,307 - INFO - Ficha eliminada con idx = 0, Nombre: Carlos Vicente
2025-10-24 08:43:28,307 - INFO - Ficha eliminada con idx = 0, Nombre: Carlos Vicente
2025-10-24 08:43:36,977 - INFO - Fichas mostradas correctamente.
2025-10-24 08:43:50,745 - INFO - Sesión cerrada para el usuario: Carlos
2025-10-24 08:43:50,745 - WARNING - Intento de cierre de sesión sin sesión activa.
2025-10-24 08:43:50,745 - INFO - Sesión finalizada para el usuario: Carlos.
